[0m[[0m[0mdebug[0m] [0m[0m> Exec(run, Some(86c5e747-4016-4f6f-8718-4ece4792cfd9), Some(CommandSource(console0)))[0m
[0m[[0m[0mdebug[0m] [0m[0mEvaluating tasks: Compile / run[0m
[0m[[0m[0mdebug[0m] [0m[0mRunning task... Cancel: Signal, check cycles: false, forcegc: true[0m
[0m[[0m[0mdebug[0m] [0m[0mRunning task... Cancel: Signal, check cycles: false, forcegc: true[0m
[0m[[0m[0mdebug[0m] [0m[0mRunning task... Cancel: Signal, check cycles: false, forcegc: true[0m
[0m[[0m[0mdebug[0m] [0m[0mExporting web-assets:play-scala-starter-example[0m
[0m[[0m[0mdebug[0m] [0m[0mRunning task... Cancel: Signal, check cycles: false, forcegc: true[0m
[0m[[0m[0mdebug[0m] [0m[0mRunning task... Cancel: Signal, check cycles: false, forcegc: true[0m
[0m[[0m[0minfo[0m] [0m[0mcompiling 1 Scala source to /Users/aseemsaini/Desktop/ACM/acm_app/target/scala-2.13/classes ...[0m
[0m[[0m[0mdebug[0m] [0m[0mRunning task... Cancel: Signal, check cycles: false, forcegc: true[0m
[0m[[0m[0mdebug[0m] [0m[0mExporting web-assets:play-scala-starter-example[0m
[0m[[0m[0mdebug[0m] [0m[0mRunning task... Cancel: Signal, check cycles: false, forcegc: true[0m
[0m[[0m[0mdebug[0m] [0m[0mRunning task... Cancel: Signal, check cycles: false, forcegc: true[0m
[0m[[0m[0minfo[0m] [0m[0mcompiling 2 Scala sources to /Users/aseemsaini/Desktop/ACM/acm_app/target/scala-2.13/classes ...[0m
[0m[[0m[31merror[0m] [0m[0m/Users/aseemsaini/Desktop/ACM/acm_app/app/controllers/tweet.scala:40:23: not enough arguments for method validate: (username: String, password: String): scala.concurrent.Future[Boolean].[0m
[0m[[0m[31merror[0m] [0m[0mUnspecified value parameter password.[0m
[0m[[0m[31merror[0m] [0m[0m        model.validate(username).flatMap { exists =>[0m
[0m[[0m[31merror[0m] [0m[0m                      ^[0m
[0m[[0m[31merror[0m] [0m[0m/Users/aseemsaini/Desktop/ACM/acm_app/app/controllers/tweet.scala:46:54: ambiguous implicit values:[0m
[0m[[0m[31merror[0m] [0m[0m both value ec in class tweet of type scala.concurrent.ExecutionContext[0m
[0m[[0m[31merror[0m] [0m[0m and method global in object Implicits of type scala.concurrent.ExecutionContext[0m
[0m[[0m[31merror[0m] [0m[0m match expected type scala.concurrent.ExecutionContext[0m
[0m[[0m[31merror[0m] [0m[0m            model.createUser(username, password).map { _ =>[0m
[0m[[0m[31merror[0m] [0m[0m                                                     ^[0m
[0m[[0m[31merror[0m] [0m[0mtwo errors found[0m
[0m[[0m[0mdebug[0m] [0m[0mForcing garbage collection...[0m
[0m[[0m[31merror[0m] [0m[0m(Compile / [31mcompileIncremental[0m) Compilation failed[0m
[0m[[0m[0mdebug[0m] [0m[0mRunning task... Cancel: Signal, check cycles: false, forcegc: true[0m
[0m[[0m[0mdebug[0m] [0m[0mRunning task... Cancel: Signal, check cycles: false, forcegc: true[0m
[0m[[0m[0mdebug[0m] [0m[0mRunning task... Cancel: Signal, check cycles: false, forcegc: true[0m
[0m[[0m[0minfo[0m] [0m[0mcompiling 2 Scala sources to /Users/aseemsaini/Desktop/ACM/acm_app/target/scala-2.13/classes ...[0m
[0m[[0m[31merror[0m] [0m[0m/Users/aseemsaini/Desktop/ACM/acm_app/app/controllers/tweet.scala:46:54: ambiguous implicit values:[0m
[0m[[0m[31merror[0m] [0m[0m both value ec in class tweet of type scala.concurrent.ExecutionContext[0m
[0m[[0m[31merror[0m] [0m[0m and method global in object Implicits of type scala.concurrent.ExecutionContext[0m
[0m[[0m[31merror[0m] [0m[0m match expected type scala.concurrent.ExecutionContext[0m
[0m[[0m[31merror[0m] [0m[0m            model.createUser(username, password).map { _ =>[0m
[0m[[0m[31merror[0m] [0m[0m                                                     ^[0m
[0m[[0m[31merror[0m] [0m[0mone error found[0m
[0m[[0m[31merror[0m] [0m[0m(Compile / [31mcompileIncremental[0m) Compilation failed[0m
[0m[[0m[0mdebug[0m] [0m[0mRunning task... Cancel: Signal, check cycles: false, forcegc: true[0m
[0m[[0m[0mdebug[0m] [0m[0mRunning task... Cancel: Signal, check cycles: false, forcegc: true[0m
[0m[[0m[0mdebug[0m] [0m[0mRunning task... Cancel: Signal, check cycles: false, forcegc: true[0m
[0m[[0m[0minfo[0m] [0m[0mcompiling 2 Scala sources to /Users/aseemsaini/Desktop/ACM/acm_app/target/scala-2.13/classes ...[0m
[0m[[0m[31merror[0m] [0m[0m/Users/aseemsaini/Desktop/ACM/acm_app/app/controllers/tweet.scala:42:33: scala.concurrent.Future[Boolean] does not take parameters[0m
[0m[[0m[31merror[0m] [0m[0m        model.validate(username)(executionContext).flatMap { exists =>[0m
[0m[[0m[31merror[0m] [0m[0m                                ^[0m
[0m[[0m[31merror[0m] [0m[0m/Users/aseemsaini/Desktop/ACM/acm_app/app/controllers/tweet.scala:48:49: scala.concurrent.Future[Unit] does not take parameters[0m
[0m[[0m[31merror[0m] [0m[0m            model.createUser(username, password)(executionContext).map { _ =>[0m
[0m[[0m[31merror[0m] [0m[0m                                                ^[0m
[0m[[0m[31merror[0m] [0m[0mtwo errors found[0m
[0m[[0m[31merror[0m] [0m[0m(Compile / [31mcompileIncremental[0m) Compilation failed[0m
[0m[[0m[0mdebug[0m] [0m[0mRunning task... Cancel: Signal, check cycles: false, forcegc: true[0m
[0m[[0m[0mdebug[0m] [0m[0mRunning task... Cancel: Signal, check cycles: false, forcegc: true[0m
[0m[[0m[0mdebug[0m] [0m[0mRunning task... Cancel: Signal, check cycles: false, forcegc: true[0m
[0m[[0m[0minfo[0m] [0m[0mcompiling 2 Scala sources to /Users/aseemsaini/Desktop/ACM/acm_app/target/scala-2.13/classes ...[0m
[0m[[0m[31merror[0m] [0m[0m/Users/aseemsaini/Desktop/ACM/acm_app/app/controllers/tweet.scala:48:49: scala.concurrent.Future[Unit] does not take parameters[0m
[0m[[0m[31merror[0m] [0m[0m            model.createUser(username, password)(executionContext).map { _ =>[0m
[0m[[0m[31merror[0m] [0m[0m                                                ^[0m
[0m[[0m[31merror[0m] [0m[0mone error found[0m
[0m[[0m[31merror[0m] [0m[0m(Compile / [31mcompileIncremental[0m) Compilation failed[0m
[0m[[0m[0mdebug[0m] [0m[0mRunning task... Cancel: Signal, check cycles: false, forcegc: true[0m
[0m[[0m[0mdebug[0m] [0m[0mRunning task... Cancel: Signal, check cycles: false, forcegc: true[0m
[0m[[0m[0mdebug[0m] [0m[0mRunning task... Cancel: Signal, check cycles: false, forcegc: true[0m
[0m[[0m[0minfo[0m] [0m[0mcompiling 2 Scala sources to /Users/aseemsaini/Desktop/ACM/acm_app/target/scala-2.13/classes ...[0m
[0m[[0m[0mdebug[0m] [0m[0mRunning task... Cancel: Signal, check cycles: false, forcegc: true[0m
[0m[[0m[0mdebug[0m] [0m[0mExporting web-assets:play-scala-starter-example[0m
[0m[[0m[0mdebug[0m] [0m[0mRunning task... Cancel: Signal, check cycles: false, forcegc: true[0m
[0m[[0m[0mdebug[0m] [0m[0mRunning task... Cancel: Signal, check cycles: false, forcegc: true[0m
[0m[[0m[0minfo[0m] [0m[0mcompiling 1 Scala source to /Users/aseemsaini/Desktop/ACM/acm_app/target/scala-2.13/classes ...[0m
[0m[[0m[0mdebug[0m] [0m[0mRunning task... Cancel: Signal, check cycles: false, forcegc: true[0m
[0m[[0m[0mdebug[0m] [0m[0mExporting web-assets:play-scala-starter-example[0m
[0m[[0m[0mdebug[0m] [0m[0mRunning task... Cancel: Signal, check cycles: false, forcegc: true[0m
